<?xml version="1.0" encoding="UTF-8"?>
<!-- Generated by org.testng.reporters.JUnitReportReporter -->
<testsuite hostname="DESKTOP-DRB929D" failures="0" tests="6" name="LogInPage.MyTestCases" time="29.127" errors="0" timestamp="2025-07-15T14:09:34 EET" skipped="2">
  <testcase classname="LogInPage.MyTestCases" name="Signup" time="13.524"/>
  <testcase classname="LogInPage.MyTestCases" name="Logout" time="3.341"/>
  <testcase classname="LogInPage.MyTestCases" name="Login" time="3.793"/>
  <testcase classname="LogInPage.MyTestCases" name="AddToCart1" time="8.469"/>
  <testcase classname="LogInPage.MyTestCases" name="Availability">
    <skipped/>
  </testcase> <!-- Availability -->
  <testcase classname="LogInPage.MyTestCases" name="AddToCart">
    <skipped/>
  </testcase> <!-- AddToCart -->
</testsuite> <!-- LogInPage.MyTestCases -->
