<?xml version="1.0" encoding="UTF-8"?>
<!-- Generated by org.testng.reporters.JUnitReportReporter -->
<testsuite hostname="DESKTOP-DRB929D" failures="0" tests="1" name="LogInPage.MyTestCases" time="2.208" errors="0" timestamp="2025-07-04T14:59:56 EET" skipped="0">
  <testcase classname="LogInPage.MyTestCases" name="Signup" time="2.208"/>
</testsuite> <!-- LogInPage.MyTestCases -->
