<?xml version="1.0" encoding="UTF-8"?>
<!-- Generated by org.testng.reporters.JUnitReportReporter -->
<testsuite hostname="DESKTOP-DRB929D" failures="0" tests="1" name="LogInPage.MyTestCases" time="1.232" errors="0" timestamp="2025-07-02T14:42:08 EET" skipped="0">
  <testcase classname="LogInPage.MyTestCases" name="Signup" time="1.232"/>
</testsuite> <!-- LogInPage.MyTestCases -->
