<?xml version="1.0" encoding="UTF-8"?>
<!-- Generated by org.testng.reporters.JUnitReportReporter -->
<testsuite hostname="DESKTOP-DRB929D" failures="0" tests="6" name="LogInPage.MyTestCases" time="22.006" errors="0" timestamp="2025-07-15T13:51:23 EET" skipped="3">
  <testcase classname="LogInPage.MyTestCases" name="Signup" time="12.025"/>
  <testcase classname="LogInPage.MyTestCases" name="Logout" time="3.479"/>
  <testcase classname="LogInPage.MyTestCases" name="Login" time="6.502"/>
  <testcase classname="LogInPage.MyTestCases" name="Availability">
    <skipped/>
  </testcase> <!-- Availability -->
  <testcase classname="LogInPage.MyTestCases" name="AddToCart1">
    <skipped/>
  </testcase> <!-- AddToCart1 -->
  <testcase classname="LogInPage.MyTestCases" name="AddToCart">
    <skipped/>
  </testcase> <!-- AddToCart -->
</testsuite> <!-- LogInPage.MyTestCases -->
