<?xml version="1.0" encoding="UTF-8"?>
<!-- Generated by org.testng.reporters.JUnitReportReporter -->
<testsuite hostname="DESKTOP-DRB929D" failures="0" tests="1" name="LogInPage.MyTestCases" time="2.921" errors="0" timestamp="2025-07-03T14:30:55 EET" skipped="0">
  <testcase classname="LogInPage.MyTestCases" name="Signup" time="2.921"/>
</testsuite> <!-- LogInPage.MyTestCases -->
