<?xml version="1.0" encoding="UTF-8"?>
<!-- Generated by org.testng.reporters.JUnitReportReporter -->
<testsuite hostname="DESKTOP-DRB929D" failures="0" tests="5" name="LogInPage.MyTestCases" time="8.255" errors="0" timestamp="2025-07-11T16:35:02 EET" skipped="3">
  <testcase classname="LogInPage.MyTestCases" name="Availability" time="6.586"/>
  <testcase classname="LogInPage.MyTestCases" name="AddToCart" time="1.669"/>
  <testcase classname="LogInPage.MyTestCases" name="Login">
    <skipped/>
  </testcase> <!-- Login -->
  <testcase classname="LogInPage.MyTestCases" name="Logout">
    <skipped/>
  </testcase> <!-- Logout -->
  <testcase classname="LogInPage.MyTestCases" name="Signup">
    <skipped/>
  </testcase> <!-- Signup -->
</testsuite> <!-- LogInPage.MyTestCases -->
