<?xml version="1.0" encoding="UTF-8"?>
<!-- Generated by org.testng.reporters.JUnitReportReporter -->
<testsuite hostname="DESKTOP-DRB929D" failures="0" tests="1" name="LogInPage.MyTestCases" time="3.844" errors="0" timestamp="2025-07-07T14:35:59 EET" skipped="0">
  <testcase classname="LogInPage.MyTestCases" name="Signup" time="3.844"/>
</testsuite> <!-- LogInPage.MyTestCases -->
